<?xml version="1.0" encoding="UTF-8"?><font><info face="GNUUnifont" size="28" bold="0" italic="0" charset="" unicode="1" stretchH="100" smooth="1" aa="1" padding="1,1,1,1" spacing="1,1"/><common lineHeight="28" base="25" scaleW="160" scaleH="160" pages="1" packed="0"/><pages><page id="0" file="test-font.png"/></pages><chars count="91"><char id="32" x="0" y="0" width="0" height="0" xoffset="0" yoffset="0" xadvance="6" page="0" chnl="15"/><!--   --><char id="33" x="154" y="71" width="4" height="19" xoffset="-1" yoffset="7" xadvance="4" page="0" chnl="15"/><!-- ! --><char id="34" x="150" y="0" width="9" height="9" xoffset="-1" yoffset="7" xadvance="9" page="0" chnl="15"/><!-- " --><char id="35" x="42" y="112" width="13" height="19" xoffset="-1" yoffset="7" xadvance="13" page="0" chnl="15"/><!-- # --><char id="36" x="56" y="112" width="15" height="19" xoffset="-1" yoffset="7" xadvance="14" page="0" chnl="15"/><!-- $ --><char id="37" x="135" y="92" width="15" height="19" xoffset="-1" yoffset="7" xadvance="14" page="0" chnl="15"/><!-- % --><char id="38" x="72" y="112" width="15" height="19" xoffset="-1" yoffset="7" xadvance="14" page="0" chnl="15"/><!-- & --><char id="39" x="31" y="149" width="4" height="9" xoffset="-1" yoffset="7" xadvance="4" page="0" chnl="15"/><!-- ' --><char id="40" x="37" y="0" width="8" height="23" xoffset="-1" yoffset="5" xadvance="7" page="0" chnl="15"/><!-- ( --><char id="41" x="46" y="0" width="8" height="23" xoffset="-1" yoffset="5" xadvance="7" page="0" chnl="15"/><!-- ) --><char id="42" x="121" y="132" width="15" height="14" xoffset="-1" yoffset="10" xadvance="14" page="0" chnl="15"/><!-- * --><char id="43" x="0" y="149" width="11" height="11" xoffset="-1" yoffset="12" xadvance="11" page="0" chnl="15"/><!-- + --><char id="44" x="24" y="149" width="6" height="9" xoffset="-1" yoffset="21" xadvance="6" page="0" chnl="15"/><!-- , --><char id="45" x="150" y="10" width="9" height="4" xoffset="-1" yoffset="15" xadvance="9" page="0" chnl="15"/><!-- - --><char id="46" x="150" y="15" width="6" height="6" xoffset="-1" yoffset="20" xadvance="6" page="0" chnl="15"/><!-- . --><char id="47" x="14" y="112" width="13" height="19" xoffset="-1" yoffset="7" xadvance="13" page="0" chnl="15"/><!-- / --><char id="48" x="70" y="30" width="13" height="19" xoffset="-1" yoffset="7" xadvance="13" page="0" chnl="15"/><!-- 0 --><char id="49" x="84" y="30" width="11" height="19" xoffset="-1" yoffset="7" xadvance="11" page="0" chnl="15"/><!-- 1 --><char id="50" x="96" y="30" width="13" height="19" xoffset="-1" yoffset="7" xadvance="13" page="0" chnl="15"/><!-- 2 --><char id="51" x="110" y="30" width="13" height="19" xoffset="-1" yoffset="7" xadvance="13" page="0" chnl="15"/><!-- 3 --><char id="52" x="124" y="30" width="13" height="19" xoffset="-1" yoffset="7" xadvance="13" page="0" chnl="15"/><!-- 4 --><char id="53" x="138" y="30" width="13" height="19" xoffset="-1" yoffset="7" xadvance="13" page="0" chnl="15"/><!-- 5 --><char id="54" x="0" y="52" width="13" height="19" xoffset="-1" yoffset="7" xadvance="13" page="0" chnl="15"/><!-- 6 --><char id="55" x="14" y="52" width="13" height="19" xoffset="-1" yoffset="7" xadvance="13" page="0" chnl="15"/><!-- 7 --><char id="56" x="28" y="51" width="13" height="19" xoffset="-1" yoffset="7" xadvance="13" page="0" chnl="15"/><!-- 8 --><char id="57" x="42" y="51" width="13" height="19" xoffset="-1" yoffset="7" xadvance="13" page="0" chnl="15"/><!-- 9 --><char id="58" x="114" y="132" width="6" height="14" xoffset="-1" yoffset="10" xadvance="6" page="0" chnl="15"/><!-- : --><char id="59" x="151" y="92" width="6" height="16" xoffset="-1" yoffset="10" xadvance="6" page="0" chnl="15"/><!-- ; --><char id="61" x="12" y="149" width="11" height="11" xoffset="-1" yoffset="12" xadvance="11" page="0" chnl="15"/><!-- = --><char id="63" x="0" y="112" width="13" height="19" xoffset="-1" yoffset="7" xadvance="13" page="0" chnl="15"/><!-- ? --><char id="64" x="28" y="112" width="13" height="19" xoffset="-1" yoffset="7" xadvance="13" page="0" chnl="15"/><!-- @ --><char id="65" x="68" y="51" width="13" height="19" xoffset="-1" yoffset="7" xadvance="13" page="0" chnl="15"/><!-- A --><char id="66" x="82" y="51" width="13" height="19" xoffset="-1" yoffset="7" xadvance="13" page="0" chnl="15"/><!-- B --><char id="67" x="96" y="51" width="13" height="19" xoffset="-1" yoffset="7" xadvance="13" page="0" chnl="15"/><!-- C --><char id="68" x="110" y="51" width="13" height="19" xoffset="-1" yoffset="7" xadvance="13" page="0" chnl="15"/><!-- D --><char id="69" x="124" y="51" width="13" height="19" xoffset="-1" yoffset="7" xadvance="13" page="0" chnl="15"/><!-- E --><char id="70" x="138" y="51" width="13" height="19" xoffset="-1" yoffset="7" xadvance="13" page="0" chnl="15"/><!-- F --><char id="71" x="0" y="72" width="13" height="19" xoffset="-1" yoffset="7" xadvance="13" page="0" chnl="15"/><!-- G --><char id="72" x="14" y="72" width="13" height="19" xoffset="-1" yoffset="7" xadvance="13" page="0" chnl="15"/><!-- H --><char id="73" x="28" y="71" width="11" height="19" xoffset="-1" yoffset="7" xadvance="11" page="0" chnl="15"/><!-- I --><char id="74" x="40" y="71" width="15" height="19" xoffset="-1" yoffset="7" xadvance="14" page="0" chnl="15"/><!-- J --><char id="75" x="56" y="71" width="13" height="19" xoffset="-1" yoffset="7" xadvance="13" page="0" chnl="15"/><!-- K --><char id="76" x="70" y="71" width="13" height="19" xoffset="-1" yoffset="7" xadvance="13" page="0" chnl="15"/><!-- L --><char id="77" x="84" y="71" width="13" height="19" xoffset="-1" yoffset="7" xadvance="13" page="0" chnl="15"/><!-- M --><char id="78" x="98" y="71" width="13" height="19" xoffset="-1" yoffset="7" xadvance="13" page="0" chnl="15"/><!-- N --><char id="79" x="112" y="71" width="13" height="19" xoffset="-1" yoffset="7" xadvance="13" page="0" chnl="15"/><!-- O --><char id="80" x="126" y="71" width="13" height="19" xoffset="-1" yoffset="7" xadvance="13" page="0" chnl="15"/><!-- P --><char id="81" x="12" y="30" width="15" height="21" xoffset="-1" yoffset="7" xadvance="14" page="0" chnl="15"/><!-- Q --><char id="82" x="140" y="71" width="13" height="19" xoffset="-1" yoffset="7" xadvance="13" page="0" chnl="15"/><!-- R --><char id="83" x="0" y="92" width="13" height="19" xoffset="-1" yoffset="7" xadvance="13" page="0" chnl="15"/><!-- S --><char id="84" x="14" y="92" width="15" height="19" xoffset="-1" yoffset="7" xadvance="14" page="0" chnl="15"/><!-- T --><char id="85" x="30" y="92" width="13" height="19" xoffset="-1" yoffset="7" xadvance="13" page="0" chnl="15"/><!-- U --><char id="86" x="44" y="92" width="15" height="19" xoffset="-1" yoffset="7" xadvance="14" page="0" chnl="15"/><!-- V --><char id="87" x="60" y="92" width="13" height="19" xoffset="-1" yoffset="7" xadvance="13" page="0" chnl="15"/><!-- W --><char id="88" x="74" y="92" width="13" height="19" xoffset="-1" yoffset="7" xadvance="13" page="0" chnl="15"/><!-- X --><char id="89" x="88" y="92" width="15" height="19" xoffset="-1" yoffset="7" xadvance="14" page="0" chnl="15"/><!-- Y --><char id="90" x="104" y="92" width="13" height="19" xoffset="-1" yoffset="7" xadvance="13" page="0" chnl="15"/><!-- Z --><char id="91" x="152" y="30" width="8" height="19" xoffset="-1" yoffset="7" xadvance="7" page="0" chnl="15"/><!-- [ --><char id="93" x="152" y="51" width="8" height="19" xoffset="-1" yoffset="7" xadvance="7" page="0" chnl="15"/><!-- ] --><char id="94" x="36" y="149" width="13" height="7" xoffset="-1" yoffset="7" xadvance="13" page="0" chnl="15"/><!-- ^ --><char id="95" x="50" y="149" width="13" height="4" xoffset="-1" yoffset="22" xadvance="13" page="0" chnl="15"/><!-- _ --><char id="97" x="88" y="112" width="13" height="16" xoffset="-1" yoffset="10" xadvance="13" page="0" chnl="15"/><!-- a --><char id="98" x="69" y="0" width="13" height="21" xoffset="-1" yoffset="5" xadvance="13" page="0" chnl="15"/><!-- b --><char id="99" x="102" y="112" width="13" height="16" xoffset="-1" yoffset="10" xadvance="13" page="0" chnl="15"/><!-- c --><char id="100" x="83" y="0" width="13" height="21" xoffset="-1" yoffset="5" xadvance="13" page="0" chnl="15"/><!-- d --><char id="101" x="116" y="112" width="13" height="16" xoffset="-1" yoffset="10" xadvance="13" page="0" chnl="15"/><!-- e --><char id="102" x="97" y="0" width="11" height="21" xoffset="-1" yoffset="5" xadvance="11" page="0" chnl="15"/><!-- f --><char id="103" x="55" y="0" width="13" height="22" xoffset="-1" yoffset="8" xadvance="13" page="0" chnl="15"/><!-- g --><char id="104" x="109" y="0" width="13" height="21" xoffset="-1" yoffset="5" xadvance="13" page="0" chnl="15"/><!-- h --><char id="105" x="123" y="0" width="12" height="21" xoffset="0" yoffset="5" xadvance="13" page="0" chnl="15"/><!-- i --><char id="106" x="25" y="0" width="11" height="23" xoffset="-1" yoffset="7" xadvance="11" page="0" chnl="15"/><!-- j --><char id="107" x="136" y="0" width="13" height="21" xoffset="-1" yoffset="5" xadvance="13" page="0" chnl="15"/><!-- k --><char id="108" x="0" y="30" width="11" height="21" xoffset="-1" yoffset="5" xadvance="11" page="0" chnl="15"/><!-- l --><char id="109" x="130" y="112" width="15" height="16" xoffset="-1" yoffset="10" xadvance="14" page="0" chnl="15"/><!-- m --><char id="110" x="146" y="112" width="13" height="16" xoffset="-1" yoffset="10" xadvance="13" page="0" chnl="15"/><!-- n --><char id="111" x="0" y="132" width="13" height="16" xoffset="-1" yoffset="10" xadvance="13" page="0" chnl="15"/><!-- o --><char id="112" x="28" y="30" width="13" height="20" xoffset="-1" yoffset="10" xadvance="13" page="0" chnl="15"/><!-- p --><char id="113" x="42" y="30" width="13" height="20" xoffset="-1" yoffset="10" xadvance="13" page="0" chnl="15"/><!-- q --><char id="114" x="14" y="132" width="13" height="16" xoffset="-1" yoffset="10" xadvance="13" page="0" chnl="15"/><!-- r --><char id="115" x="28" y="132" width="13" height="16" xoffset="-1" yoffset="10" xadvance="13" page="0" chnl="15"/><!-- s --><char id="116" x="56" y="51" width="11" height="19" xoffset="-1" yoffset="7" xadvance="11" page="0" chnl="15"/><!-- t --><char id="117" x="42" y="132" width="13" height="16" xoffset="-1" yoffset="10" xadvance="13" page="0" chnl="15"/><!-- u --><char id="118" x="56" y="132" width="13" height="16" xoffset="-1" yoffset="10" xadvance="13" page="0" chnl="15"/><!-- v --><char id="119" x="70" y="132" width="15" height="16" xoffset="-1" yoffset="10" xadvance="14" page="0" chnl="15"/><!-- w --><char id="120" x="86" y="132" width="13" height="16" xoffset="-1" yoffset="10" xadvance="13" page="0" chnl="15"/><!-- x --><char id="121" x="56" y="30" width="13" height="20" xoffset="-1" yoffset="10" xadvance="13" page="0" chnl="15"/><!-- y --><char id="122" x="100" y="132" width="13" height="16" xoffset="-1" yoffset="10" xadvance="13" page="0" chnl="15"/><!-- z --><char id="123" x="5" y="0" width="9" height="25" xoffset="-1" yoffset="3" xadvance="9" page="0" chnl="15"/><!-- { --><char id="124" x="0" y="0" width="4" height="29" xoffset="-1" yoffset="1" xadvance="4" page="0" chnl="15"/><!-- | --><char id="125" x="15" y="0" width="9" height="25" xoffset="-1" yoffset="3" xadvance="9" page="0" chnl="15"/><!-- } --><char id="8470" x="118" y="92" width="16" height="19" xoffset="-1" yoffset="7" xadvance="16" page="0" chnl="15"/><!-- № --></chars></font>